2019-02-25 16:37:09 [scrapy.utils.log] INFO: Scrapy 1.5.1 started (bot: scrapybot)
2019-02-25 16:37:09 [scrapy.utils.log] INFO: Versions: lxml 4.2.5.0, libxml2 2.9.8, cssselect 1.0.3, parsel 1.5.1, w3lib 1.19.0, Twisted 18.9.0, Python 3.7.2 (default, Jan 10 2019, 23:51:51) - [GCC 8.2.1 20181127], pyOpenSSL 18.0.0 (OpenSSL 1.1.0j  20 Nov 2018), cryptography 2.4.2, Platform Linux-4.20.6-arch1-1-ARCH-x86_64-with-arch
2019-02-25 16:37:09 [scrapy.utils.log] INFO: Scrapy 1.5.1 started (bot: scrapybot)
2019-02-25 16:37:09 [scrapy.utils.log] INFO: Versions: lxml 4.2.5.0, libxml2 2.9.8, cssselect 1.0.3, parsel 1.5.1, w3lib 1.19.0, Twisted 18.9.0, Python 3.7.2 (default, Jan 10 2019, 23:51:51) - [GCC 8.2.1 20181127], pyOpenSSL 18.0.0 (OpenSSL 1.1.0j  20 Nov 2018), cryptography 2.4.2, Platform Linux-4.20.6-arch1-1-ARCH-x86_64-with-arch
2019-02-25 16:37:09 [scrapy.crawler] INFO: Overridden settings: {'HTTPCACHE_ENABLED': True, 'LOG_LEVEL': 'INFO'}
2019-02-25 16:37:09 [scrapy.middleware] INFO: Enabled extensions:
['scrapy.extensions.corestats.CoreStats',
 'scrapy.extensions.telnet.TelnetConsole',
 'scrapy.extensions.memusage.MemoryUsage',
 'scrapy.extensions.logstats.LogStats']
2019-02-25 16:37:09 [scrapy.middleware] INFO: Enabled downloader middlewares:
['scrapy.downloadermiddlewares.httpauth.HttpAuthMiddleware',
 'scrapy.downloadermiddlewares.downloadtimeout.DownloadTimeoutMiddleware',
 'scrapy.downloadermiddlewares.defaultheaders.DefaultHeadersMiddleware',
 'scrapy.downloadermiddlewares.useragent.UserAgentMiddleware',
 'scrapy.downloadermiddlewares.retry.RetryMiddleware',
 'scrapy.downloadermiddlewares.redirect.MetaRefreshMiddleware',
 'scrapy.downloadermiddlewares.httpcompression.HttpCompressionMiddleware',
 'scrapy.downloadermiddlewares.redirect.RedirectMiddleware',
 'scrapy.downloadermiddlewares.cookies.CookiesMiddleware',
 'scrapy.downloadermiddlewares.httpproxy.HttpProxyMiddleware',
 'scrapy.downloadermiddlewares.stats.DownloaderStats',
 'scrapy.downloadermiddlewares.httpcache.HttpCacheMiddleware']
2019-02-25 16:37:09 [scrapy.middleware] INFO: Enabled spider middlewares:
['scrapy.spidermiddlewares.httperror.HttpErrorMiddleware',
 'scrapy.spidermiddlewares.offsite.OffsiteMiddleware',
 'scrapy.spidermiddlewares.referer.RefererMiddleware',
 'scrapy.spidermiddlewares.urllength.UrlLengthMiddleware',
 'scrapy.spidermiddlewares.depth.DepthMiddleware']
2019-02-25 16:37:09 [scrapy.middleware] INFO: Enabled item pipelines:
[]
2019-02-25 16:37:09 [scrapy.core.engine] INFO: Spider opened
2019-02-25 16:37:09 [scrapy.extensions.logstats] INFO: Crawled 0 pages (at 0 pages/min), scraped 0 items (at 0 items/min)
2019-02-25 16:37:09 [scrapy.core.engine] INFO: Closing spider (finished)
2019-02-25 16:37:09 [scrapy.statscollectors] INFO: Dumping Scrapy stats:
{'downloader/request_bytes': 235,
 'downloader/request_count': 1,
 'downloader/request_method_count/GET': 1,
 'downloader/response_bytes': 28602,
 'downloader/response_count': 1,
 'downloader/response_status_count/200': 1,
 'finish_reason': 'finished',
 'finish_time': datetime.datetime(2019, 2, 25, 16, 37, 9, 459584),
 'httpcache/hit': 1,
 'item_scraped_count': 1,
 'log_count/INFO': 7,
 'memusage/max': 53501952,
 'memusage/startup': 53501952,
 'response_received_count': 1,
 'scheduler/dequeued': 1,
 'scheduler/dequeued/memory': 1,
 'scheduler/enqueued': 1,
 'scheduler/enqueued/memory': 1,
 'start_time': datetime.datetime(2019, 2, 25, 16, 37, 9, 284504)}
2019-02-25 16:37:09 [scrapy.core.engine] INFO: Spider closed (finished)
2019-02-25 16:37:09 [scrapy.crawler] INFO: Overridden settings: {'HTTPCACHE_ENABLED': True, 'LOG_LEVEL': 'INFO'}
2019-02-25 16:37:09 [scrapy.middleware] INFO: Enabled extensions:
['scrapy.extensions.corestats.CoreStats',
 'scrapy.extensions.telnet.TelnetConsole',
 'scrapy.extensions.memusage.MemoryUsage',
 'scrapy.extensions.logstats.LogStats']
2019-02-25 16:37:09 [scrapy.middleware] INFO: Enabled downloader middlewares:
['scrapy.downloadermiddlewares.httpauth.HttpAuthMiddleware',
 'scrapy.downloadermiddlewares.downloadtimeout.DownloadTimeoutMiddleware',
 'scrapy.downloadermiddlewares.defaultheaders.DefaultHeadersMiddleware',
 'scrapy.downloadermiddlewares.useragent.UserAgentMiddleware',
 'scrapy.downloadermiddlewares.retry.RetryMiddleware',
 'scrapy.downloadermiddlewares.redirect.MetaRefreshMiddleware',
 'scrapy.downloadermiddlewares.httpcompression.HttpCompressionMiddleware',
 'scrapy.downloadermiddlewares.redirect.RedirectMiddleware',
 'scrapy.downloadermiddlewares.cookies.CookiesMiddleware',
 'scrapy.downloadermiddlewares.httpproxy.HttpProxyMiddleware',
 'scrapy.downloadermiddlewares.stats.DownloaderStats',
 'scrapy.downloadermiddlewares.httpcache.HttpCacheMiddleware']
2019-02-25 16:37:09 [scrapy.middleware] INFO: Enabled spider middlewares:
['scrapy.spidermiddlewares.httperror.HttpErrorMiddleware',
 'scrapy.spidermiddlewares.offsite.OffsiteMiddleware',
 'scrapy.spidermiddlewares.referer.RefererMiddleware',
 'scrapy.spidermiddlewares.urllength.UrlLengthMiddleware',
 'scrapy.spidermiddlewares.depth.DepthMiddleware']
2019-02-25 16:37:09 [scrapy.middleware] INFO: Enabled item pipelines:
[]
2019-02-25 16:37:09 [scrapy.core.engine] INFO: Spider opened
2019-02-25 16:37:09 [scrapy.extensions.logstats] INFO: Crawled 0 pages (at 0 pages/min), scraped 0 items (at 0 items/min)
2019-02-25 16:37:09 [scrapy.core.engine] INFO: Closing spider (finished)
2019-02-25 16:37:09 [scrapy.statscollectors] INFO: Dumping Scrapy stats:
{'downloader/request_bytes': 235,
 'downloader/request_count': 1,
 'downloader/request_method_count/GET': 1,
 'downloader/response_bytes': 2382,
 'downloader/response_count': 1,
 'downloader/response_status_count/200': 1,
 'finish_reason': 'finished',
 'finish_time': datetime.datetime(2019, 2, 25, 16, 37, 9, 578020),
 'httpcache/hit': 1,
 'item_scraped_count': 1,
 'log_count/INFO': 7,
 'memusage/max': 60784640,
 'memusage/startup': 60784640,
 'response_received_count': 1,
 'scheduler/dequeued': 1,
 'scheduler/dequeued/memory': 1,
 'scheduler/enqueued': 1,
 'scheduler/enqueued/memory': 1,
 'start_time': datetime.datetime(2019, 2, 25, 16, 37, 9, 465502)}
2019-02-25 16:37:09 [scrapy.core.engine] INFO: Spider closed (finished)
================================crawling results================================
====================TestHackernewsSpider validating results=====================
==================TestHackernewsSpider all tests have passed!===================
====================TestHackernewsSpider2 validating results====================
==================TestHackernewsSpider2 all tests have passed!==================